Successuflly loaded train and val data loader.Length of train loader: 100000 Val Loader length=20000

Device:cuda
*****TRAINING STARTING*****
Epoch 1/30, Batch 0 Training Loss: 0.6922419667243958
Epoch 1/30, Batch 500 Training Loss: 0.7198982834815979
Epoch 1/30, Batch 1000 Training Loss: 0.6305220723152161
Epoch 1/30, Batch 1500 Training Loss: 0.661353349685669
Epoch: 1/30 Average Train loss: 0.009254732566177846 Train accuracy: 0.6790599822998047 Val loss: 2.3093327399692498e-05 Average Val accuracy: 0.7199999690055847
Epoch 2/30, Batch 0 Training Loss: 0.5174716114997864
Epoch 2/30, Batch 500 Training Loss: 0.4897698163986206
Epoch 2/30, Batch 1000 Training Loss: 0.503754734992981
Epoch 2/30, Batch 1500 Training Loss: 0.3456135094165802
Epoch: 2/30 Average Train loss: 0.007869771945774555 Train accuracy: 0.753059983253479 Val loss: 2.786366894724779e-05 Average Val accuracy: 0.7643499970436096
Epoch 3/30, Batch 0 Training Loss: 0.49935269355773926
Epoch 3/30, Batch 500 Training Loss: 0.4995568096637726
Epoch 3/30, Batch 1000 Training Loss: 0.5078363418579102
Epoch 3/30, Batch 1500 Training Loss: 0.4759562313556671
Epoch: 3/30 Average Train loss: 0.007045532692968846 Train accuracy: 0.7877900004386902 Val loss: 3.428246054681949e-05 Average Val accuracy: 0.7875999808311462
Epoch 4/30, Batch 0 Training Loss: 0.36631089448928833
Epoch 4/30, Batch 500 Training Loss: 0.4084416925907135
Epoch 4/30, Batch 1000 Training Loss: 0.3648166358470917
Epoch 4/30, Batch 1500 Training Loss: 0.3934289813041687
Epoch: 4/30 Average Train loss: 0.006338799697905779 Train accuracy: 0.8138299584388733 Val loss: 2.3657810743316077e-05 Average Val accuracy: 0.8122999668121338
Epoch 5/30, Batch 0 Training Loss: 0.34379202127456665
Epoch 5/30, Batch 500 Training Loss: 0.42667531967163086
Epoch 5/30, Batch 1000 Training Loss: 0.36768367886543274
Epoch 5/30, Batch 1500 Training Loss: 0.38509297370910645
Epoch: 5/30 Average Train loss: 0.005733808471560478 Train accuracy: 0.8356299996376038 Val loss: 1.6459855032735504e-05 Average Val accuracy: 0.8156499862670898
Epoch 6/30, Batch 0 Training Loss: 0.4697638750076294
Epoch 6/30, Batch 500 Training Loss: 0.3234415650367737
Epoch 6/30, Batch 1000 Training Loss: 0.23565298318862915
Epoch 6/30, Batch 1500 Training Loss: 0.2610540986061096
Epoch: 6/30 Average Train loss: 0.00520886592105031 Train accuracy: 0.8522700071334839 Val loss: 2.37747335631866e-05 Average Val accuracy: 0.8335999846458435
Epoch 7/30, Batch 0 Training Loss: 0.4359208941459656
Epoch 7/30, Batch 500 Training Loss: 0.23809510469436646
Epoch 7/30, Batch 1000 Training Loss: 0.40555480122566223
Epoch 7/30, Batch 1500 Training Loss: 0.30454641580581665
Epoch: 7/30 Average Train loss: 0.0047285199677199125 Train accuracy: 0.869629979133606 Val loss: 2.027393929893151e-05 Average Val accuracy: 0.8466999530792236
Epoch 8/30, Batch 0 Training Loss: 0.20542612671852112
Epoch 8/30, Batch 500 Training Loss: 0.26404181122779846
Epoch 8/30, Batch 1000 Training Loss: 0.15692758560180664
Epoch 8/30, Batch 1500 Training Loss: 0.3842175602912903
Epoch: 8/30 Average Train loss: 0.004234029204621911 Train accuracy: 0.8850799798965454 Val loss: 1.836630326579325e-05 Average Val accuracy: 0.8517000079154968
Epoch 9/30, Batch 0 Training Loss: 0.3369070589542389
Epoch 9/30, Batch 500 Training Loss: 0.30936679244041443
Epoch 9/30, Batch 1000 Training Loss: 0.2824779748916626
Epoch 9/30, Batch 1500 Training Loss: 0.28409263491630554
Epoch: 9/30 Average Train loss: 0.0038441095409542324 Train accuracy: 0.8972299695014954 Val loss: 1.0207932973571587e-05 Average Val accuracy: 0.8646999597549438
Epoch 10/30, Batch 0 Training Loss: 0.17521168291568756
Epoch 10/30, Batch 500 Training Loss: 0.25086310505867004
Epoch 10/30, Batch 1000 Training Loss: 0.1624045968055725
Epoch 10/30, Batch 1500 Training Loss: 0.275015652179718
Epoch: 10/30 Average Train loss: 0.0034567202950268982 Train accuracy: 0.9085699915885925 Val loss: 1.4145702152745798e-05 Average Val accuracy: 0.8737499713897705
Epoch 11/30, Batch 0 Training Loss: 0.22015470266342163
Epoch 11/30, Batch 500 Training Loss: 0.15045768022537231
Epoch 11/30, Batch 1000 Training Loss: 0.09918008744716644
Epoch 11/30, Batch 1500 Training Loss: 0.3002665042877197
Epoch: 11/30 Average Train loss: 0.0030798653070256113 Train accuracy: 0.9198899865150452 Val loss: 2.124642014678102e-05 Average Val accuracy: 0.8773999810218811
Epoch 12/30, Batch 0 Training Loss: 0.21031886339187622
Epoch 12/30, Batch 500 Training Loss: 0.25669628381729126
Epoch 12/30, Batch 1000 Training Loss: 0.19216369092464447
Epoch 12/30, Batch 1500 Training Loss: 0.26310598850250244
Epoch: 12/30 Average Train loss: 0.0027880336670577524 Train accuracy: 0.9278900027275085 Val loss: 1.4396553524420597e-05 Average Val accuracy: 0.8756499886512756
Epoch 13/30, Batch 0 Training Loss: 0.1291651427745819
Epoch 13/30, Batch 500 Training Loss: 0.32189759612083435
Epoch 13/30, Batch 1000 Training Loss: 0.1605406552553177
Epoch 13/30, Batch 1500 Training Loss: 0.14840534329414368
Epoch: 13/30 Average Train loss: 0.0024703673646226526 Train accuracy: 0.9368699789047241 Val loss: 1.3027502063778229e-05 Average Val accuracy: 0.8863999843597412
Epoch 14/30, Batch 0 Training Loss: 0.11032970249652863
Epoch 14/30, Batch 500 Training Loss: 0.18766212463378906
Epoch 14/30, Batch 1000 Training Loss: 0.1850367933511734
Epoch 14/30, Batch 1500 Training Loss: 0.04760316386818886
Epoch: 14/30 Average Train loss: 0.0021818809166923164 Train accuracy: 0.9458799958229065 Val loss: 1.7031976312864572e-05 Average Val accuracy: 0.8814499974250793
Epoch 15/30, Batch 0 Training Loss: 0.1429567039012909
Epoch 15/30, Batch 500 Training Loss: 0.1219135969877243
Epoch 15/30, Batch 1000 Training Loss: 0.13788944482803345
Epoch 15/30, Batch 1500 Training Loss: 0.07662404328584671
Epoch: 15/30 Average Train loss: 0.0019429529016837478 Train accuracy: 0.9522599577903748 Val loss: 2.0709615000669146e-06 Average Val accuracy: 0.8931499719619751
Epoch 16/30, Batch 0 Training Loss: 0.14880160987377167
Epoch 16/30, Batch 500 Training Loss: 0.06241816282272339
Epoch 16/30, Batch 1000 Training Loss: 0.07280883938074112
Epoch 16/30, Batch 1500 Training Loss: 0.09349053353071213
Epoch: 16/30 Average Train loss: 0.001767867423221469 Train accuracy: 0.9565199613571167 Val loss: 1.0815927453222685e-05 Average Val accuracy: 0.896649956703186
Epoch 17/30, Batch 0 Training Loss: 0.10069866478443146
Epoch 17/30, Batch 500 Training Loss: 0.11239242553710938
Epoch 17/30, Batch 1000 Training Loss: 0.10146607458591461
Epoch 17/30, Batch 1500 Training Loss: 0.14693333208560944
Epoch: 17/30 Average Train loss: 0.0015180838192254305 Train accuracy: 0.9640399813652039 Val loss: 2.505737211322412e-05 Average Val accuracy: 0.8953499794006348
Epoch 18/30, Batch 0 Training Loss: 0.06585173308849335
Epoch 18/30, Batch 500 Training Loss: 0.08514316380023956
Epoch 18/30, Batch 1000 Training Loss: 0.06907516717910767
Epoch 18/30, Batch 1500 Training Loss: 0.060821618884801865
Epoch: 18/30 Average Train loss: 0.0014115034944191575 Train accuracy: 0.9658699631690979 Val loss: 1.664810952206608e-05 Average Val accuracy: 0.8969999551773071
Epoch 19/30, Batch 0 Training Loss: 0.0705316886305809
Epoch 19/30, Batch 500 Training Loss: 0.11155647039413452
Epoch 19/30, Batch 1000 Training Loss: 0.021888334304094315
Epoch 19/30, Batch 1500 Training Loss: 0.04614393785595894
Epoch: 19/30 Average Train loss: 0.001249343179408461 Train accuracy: 0.9706599712371826 Val loss: 1.1263834494457114e-05 Average Val accuracy: 0.8992499709129333
Epoch 20/30, Batch 0 Training Loss: 0.0788007453083992
Epoch 20/30, Batch 500 Training Loss: 0.05727628991007805
Epoch 20/30, Batch 1000 Training Loss: 0.0924704521894455
Epoch 20/30, Batch 1500 Training Loss: 0.09434458613395691
Epoch: 20/30 Average Train loss: 0.0011127264334540815 Train accuracy: 0.9745699763298035 Val loss: 2.6950925530400127e-05 Average Val accuracy: 0.8973000049591064
Epoch 21/30, Batch 0 Training Loss: 0.04103116691112518
Epoch 21/30, Batch 500 Training Loss: 0.12193246185779572
Epoch 21/30, Batch 1000 Training Loss: 0.038668643683195114
Epoch 21/30, Batch 1500 Training Loss: 0.08556360006332397
Epoch: 21/30 Average Train loss: 0.0010048775986395775 Train accuracy: 0.9767299890518188 Val loss: 1.3888457033317536e-05 Average Val accuracy: 0.902899980545044
Epoch 22/30, Batch 0 Training Loss: 0.08265278488397598
Epoch 22/30, Batch 500 Training Loss: 0.0637572780251503
Epoch 22/30, Batch 1000 Training Loss: 0.07375282794237137
Epoch 22/30, Batch 1500 Training Loss: 0.0791638121008873
Epoch: 22/30 Average Train loss: 0.0009132115359324962 Train accuracy: 0.9788599610328674 Val loss: 7.845820618967991e-06 Average Val accuracy: 0.8985999822616577
Epoch 23/30, Batch 0 Training Loss: 0.018246181309223175
Epoch 23/30, Batch 500 Training Loss: 0.03539959341287613
Epoch 23/30, Batch 1000 Training Loss: 0.03045869618654251
Epoch 23/30, Batch 1500 Training Loss: 0.022273747250437737
Epoch: 23/30 Average Train loss: 0.0008307501016557217 Train accuracy: 0.9809499979019165 Val loss: 2.5493194698356092e-05 Average Val accuracy: 0.9042999744415283
Epoch 24/30, Batch 0 Training Loss: 0.019548261538147926
Epoch 24/30, Batch 500 Training Loss: 0.021367788314819336
Epoch 24/30, Batch 1000 Training Loss: 0.05032136291265488
Epoch 24/30, Batch 1500 Training Loss: 0.07627774775028229
Epoch: 24/30 Average Train loss: 0.0007551048522163183 Train accuracy: 0.9826399683952332 Val loss: 1.254813923878828e-05 Average Val accuracy: 0.9050499796867371
Epoch 25/30, Batch 0 Training Loss: 0.06849503517150879
Epoch 25/30, Batch 500 Training Loss: 0.022355234250426292
Epoch 25/30, Batch 1000 Training Loss: 0.0632675364613533
Epoch 25/30, Batch 1500 Training Loss: 0.042488764971494675
Epoch: 25/30 Average Train loss: 0.0006849528782535344 Train accuracy: 0.9845799803733826 Val loss: 1.5743213225505315e-05 Average Val accuracy: 0.9079999923706055
Epoch 26/30, Batch 0 Training Loss: 0.0316338911652565
Epoch 26/30, Batch 500 Training Loss: 0.018381014466285706
Epoch 26/30, Batch 1000 Training Loss: 0.01682405173778534
Epoch 26/30, Batch 1500 Training Loss: 0.018923401832580566
Epoch: 26/30 Average Train loss: 0.000635442410830874 Train accuracy: 0.9862299561500549 Val loss: 7.956545232445933e-06 Average Val accuracy: 0.905299961566925
Epoch 27/30, Batch 0 Training Loss: 0.011459299363195896
Epoch 27/30, Batch 500 Training Loss: 0.10009261220693588
Epoch 27/30, Batch 1000 Training Loss: 0.070749931037426
Epoch 27/30, Batch 1500 Training Loss: 0.05382213741540909
Epoch: 27/30 Average Train loss: 0.0005817036883276887 Train accuracy: 0.9873199462890625 Val loss: 1.3658046555065084e-05 Average Val accuracy: 0.9072999954223633
Epoch 28/30, Batch 0 Training Loss: 0.016265084967017174
Epoch 28/30, Batch 500 Training Loss: 0.026711132377386093
Epoch 28/30, Batch 1000 Training Loss: 0.008843125775456429
Epoch 28/30, Batch 1500 Training Loss: 0.031030967831611633
Epoch: 28/30 Average Train loss: 0.0005342976823169738 Train accuracy: 0.9886899590492249 Val loss: 7.311640274565434e-06 Average Val accuracy: 0.9078999757766724
Epoch 29/30, Batch 0 Training Loss: 0.017164452001452446
Epoch 29/30, Batch 500 Training Loss: 0.024448975920677185
Epoch 29/30, Batch 1000 Training Loss: 0.032994210720062256
Epoch 29/30, Batch 1500 Training Loss: 0.014728136360645294
Epoch: 29/30 Average Train loss: 0.0005006449244450777 Train accuracy: 0.9891999959945679 Val loss: 1.0694114280340727e-05 Average Val accuracy: 0.9091999530792236
Epoch 30/30, Batch 0 Training Loss: 0.028070718050003052
Epoch 30/30, Batch 500 Training Loss: 0.005455464124679565
Epoch 30/30, Batch 1000 Training Loss: 0.0030624368228018284
Epoch 30/30, Batch 1500 Training Loss: 0.023126844316720963
Epoch: 30/30 Average Train loss: 0.0004598585789464414 Train accuracy: 0.9900099635124207 Val loss: 1.3274323464429472e-05 Average Val accuracy: 0.904699981212616
*****TRAINING COMPLETE*****
