Device:cuda
*****TRAINING STARTING*****
Epoch 1/30, Batch 0 Training Loss: 0.6893311738967896
Epoch 1/30, Batch 500 Training Loss: 0.5912599563598633
Epoch 1/30, Batch 1000 Training Loss: 0.6224377155303955
Epoch 1/30, Batch 1500 Training Loss: 0.5443943738937378
Epoch 1/30, Batch 2000 Training Loss: 0.4520006775856018
Epoch 1/30, Batch 2500 Training Loss: 0.6081860065460205
Epoch 1/30, Batch 3000 Training Loss: 0.5795528292655945
Epoch: 1/0 Average Train loss: 0.015492468422353268 Train accuracy: 0.7515000104904175 Val loss: 3.5710010706679896e-05 Average Val accuracy: 0.8072999715805054
Epoch 2/30, Batch 0 Training Loss: 0.41760802268981934
Epoch 2/30, Batch 500 Training Loss: 0.4788532853126526
Epoch 2/30, Batch 1000 Training Loss: 0.26883381605148315
Epoch 2/30, Batch 1500 Training Loss: 0.23220643401145935
Epoch 2/30, Batch 2000 Training Loss: 0.17922614514827728
Epoch 2/30, Batch 2500 Training Loss: 0.2531099319458008
Epoch 2/30, Batch 3000 Training Loss: 0.277507483959198
Epoch: 2/1 Average Train loss: 0.009488486958891153 Train accuracy: 0.8708099722862244 Val loss: 1.0244352779409382e-05 Average Val accuracy: 0.8658999800682068
Epoch 3/30, Batch 0 Training Loss: 0.11326490342617035
Epoch 3/30, Batch 500 Training Loss: 0.28411853313446045
Epoch 3/30, Batch 1000 Training Loss: 0.09194600582122803
Epoch 3/30, Batch 1500 Training Loss: 0.21948671340942383
Epoch 3/30, Batch 2000 Training Loss: 0.07873520255088806
Epoch 3/30, Batch 2500 Training Loss: 0.2012953758239746
Epoch 3/30, Batch 3000 Training Loss: 0.22339308261871338
Epoch: 3/2 Average Train loss: 0.006148260891959071 Train accuracy: 0.9213899970054626 Val loss: 4.591931883624056e-06 Average Val accuracy: 0.8723999857902527
Epoch 4/30, Batch 0 Training Loss: 0.08040440827608109
Epoch 4/30, Batch 500 Training Loss: 0.16831976175308228
Epoch 4/30, Batch 1000 Training Loss: 0.07266607880592346
Epoch 4/30, Batch 1500 Training Loss: 0.09474782645702362
Epoch 4/30, Batch 2000 Training Loss: 0.1215253621339798
Epoch 4/30, Batch 2500 Training Loss: 0.07721041887998581
Epoch 4/30, Batch 3000 Training Loss: 0.14799581468105316
Epoch: 4/3 Average Train loss: 0.0037963832825329154 Train accuracy: 0.9557600021362305 Val loss: 7.669890692341141e-06 Average Val accuracy: 0.8991999626159668
Epoch 5/30, Batch 0 Training Loss: 0.09613453596830368
Epoch 5/30, Batch 500 Training Loss: 0.097383052110672
Epoch 5/30, Batch 1000 Training Loss: 0.05791456997394562
Epoch 5/30, Batch 1500 Training Loss: 0.043398745357990265
Epoch 5/30, Batch 2000 Training Loss: 0.03893166780471802
Epoch 5/30, Batch 2500 Training Loss: 0.04737244173884392
Epoch 5/30, Batch 3000 Training Loss: 0.049063000828027725
Epoch: 5/4 Average Train loss: 0.00237792959112674 Train accuracy: 0.9729699492454529 Val loss: 2.5049173927982338e-05 Average Val accuracy: 0.9044999480247498
Epoch 6/30, Batch 0 Training Loss: 0.019546758383512497
Epoch 6/30, Batch 500 Training Loss: 0.031019967049360275
Epoch 6/30, Batch 1000 Training Loss: 0.01938558928668499
Epoch 6/30, Batch 1500 Training Loss: 0.017422057688236237
Epoch 6/30, Batch 2000 Training Loss: 0.018198970705270767
Epoch 6/30, Batch 2500 Training Loss: 0.009009912610054016
Epoch 6/30, Batch 3000 Training Loss: 0.019002022221684456
Epoch: 6/5 Average Train loss: 0.001535707062196452 Train accuracy: 0.9840199947357178 Val loss: 1.7687811123323627e-05 Average Val accuracy: 0.9163999557495117
Epoch 7/30, Batch 0 Training Loss: 0.009145443327724934
Epoch 7/30, Batch 500 Training Loss: 0.008409838192164898
Epoch 7/30, Batch 1000 Training Loss: 0.033284060657024384
Epoch 7/30, Batch 1500 Training Loss: 0.004953586496412754
Epoch 7/30, Batch 2000 Training Loss: 0.013492150232195854
Epoch 7/30, Batch 2500 Training Loss: 0.051204338669776917
Epoch 7/30, Batch 3000 Training Loss: 0.01670459285378456
Epoch: 7/6 Average Train loss: 0.001124886738518253 Train accuracy: 0.9884099960327148 Val loss: 1.6775509266153676e-06 Average Val accuracy: 0.8742499947547913
Epoch 8/30, Batch 0 Training Loss: 0.04126761108636856
Epoch 8/30, Batch 500 Training Loss: 0.032533105462789536
Epoch 8/30, Batch 1000 Training Loss: 0.048607394099235535
Epoch 8/30, Batch 1500 Training Loss: 0.0056846290826797485
Epoch 8/30, Batch 2000 Training Loss: 0.03102794662117958
Epoch 8/30, Batch 2500 Training Loss: 0.08158373832702637
Epoch 8/30, Batch 3000 Training Loss: 0.005059537477791309
Epoch: 8/7 Average Train loss: 0.0008414757349062711 Train accuracy: 0.9916599988937378 Val loss: 2.146890892618103e-06 Average Val accuracy: 0.9197499752044678
Epoch 9/30, Batch 0 Training Loss: 0.0017472284380346537
Epoch 9/30, Batch 500 Training Loss: 0.13889393210411072
Epoch 9/30, Batch 1000 Training Loss: 0.0016917865723371506
Epoch 9/30, Batch 1500 Training Loss: 0.034433770924806595
Epoch 9/30, Batch 2000 Training Loss: 0.00823279470205307
Epoch 9/30, Batch 2500 Training Loss: 0.091526098549366
Epoch 9/30, Batch 3000 Training Loss: 0.031972676515579224
Epoch: 9/8 Average Train loss: 0.0007264867894718191 Train accuracy: 0.9927499890327454 Val loss: 1.7685269995126873e-05 Average Val accuracy: 0.9241499900817871
Epoch 10/30, Batch 0 Training Loss: 0.02177996002137661
Epoch 10/30, Batch 500 Training Loss: 0.0012684606481343508
Epoch 10/30, Batch 1000 Training Loss: 0.021756835281848907
Epoch 10/30, Batch 1500 Training Loss: 0.013585151173174381
Epoch 10/30, Batch 2000 Training Loss: 0.05827021971344948
Epoch 10/30, Batch 2500 Training Loss: 0.006003352347761393
Epoch 10/30, Batch 3000 Training Loss: 0.000452828302513808
Epoch: 10/9 Average Train loss: 0.0006131128960446221 Train accuracy: 0.9939099550247192 Val loss: 8.044597961998079e-06 Average Val accuracy: 0.9256500005722046
Epoch 11/30, Batch 0 Training Loss: 0.001915020402520895
Epoch 11/30, Batch 500 Training Loss: 0.002769062528386712
Epoch 11/30, Batch 1000 Training Loss: 0.001306466874666512
Epoch 11/30, Batch 1500 Training Loss: 0.010047839023172855
Epoch 11/30, Batch 2000 Training Loss: 0.1303100883960724
Epoch 11/30, Batch 2500 Training Loss: 0.06128883734345436
Epoch 11/30, Batch 3000 Training Loss: 0.0030664256773889065
Epoch: 11/10 Average Train loss: 0.0005170830355628277 Train accuracy: 0.9946199655532837 Val loss: 1.0841743460332509e-05 Average Val accuracy: 0.9280999898910522
Epoch 12/30, Batch 0 Training Loss: 0.005062727257609367
Epoch 12/30, Batch 500 Training Loss: 0.06086590886116028
Epoch 12/30, Batch 1000 Training Loss: 0.0035639202687889338
Epoch 12/30, Batch 1500 Training Loss: 0.0034990976564586163
Epoch 12/30, Batch 2000 Training Loss: 0.0016176918288692832
Epoch 12/30, Batch 2500 Training Loss: 0.018717654049396515
Epoch 12/30, Batch 3000 Training Loss: 0.0025768051855266094
Epoch: 12/11 Average Train loss: 0.0004746265429207415 Train accuracy: 0.9951399564743042 Val loss: 3.096485443165875e-06 Average Val accuracy: 0.9281999468803406
Epoch 13/30, Batch 0 Training Loss: 0.002684599719941616
Epoch 13/30, Batch 500 Training Loss: 0.0014801040524616838
Epoch 13/30, Batch 1000 Training Loss: 0.002010008553043008
Epoch 13/30, Batch 1500 Training Loss: 0.020127072930336
Epoch 13/30, Batch 2000 Training Loss: 0.014432406052947044
Epoch 13/30, Batch 2500 Training Loss: 0.007000195328146219
Epoch 13/30, Batch 3000 Training Loss: 0.011001816019415855
Epoch: 13/12 Average Train loss: 0.0004087601619117777 Train accuracy: 0.9958899617195129 Val loss: 1.3830521311319899e-05 Average Val accuracy: 0.9251999855041504
Epoch 14/30, Batch 0 Training Loss: 0.008335592225193977
Epoch 14/30, Batch 500 Training Loss: 0.002436485607177019
Epoch 14/30, Batch 1000 Training Loss: 0.0038567669689655304
Epoch 14/30, Batch 1500 Training Loss: 0.0368562750518322
Epoch 14/30, Batch 2000 Training Loss: 0.05203017219901085
Epoch 14/30, Batch 2500 Training Loss: 0.00139146379660815
Epoch 14/30, Batch 3000 Training Loss: 0.028153065592050552
Epoch: 14/13 Average Train loss: 0.00036801126958685925 Train accuracy: 0.9964799880981445 Val loss: 1.0109485629072879e-05 Average Val accuracy: 0.9307999610900879
Epoch 15/30, Batch 0 Training Loss: 0.0011903825215995312
Epoch 15/30, Batch 500 Training Loss: 0.0002991936926264316
Epoch 15/30, Batch 1000 Training Loss: 0.009091129526495934
Epoch 15/30, Batch 1500 Training Loss: 0.0006139547331258655
Epoch 15/30, Batch 2000 Training Loss: 0.0023295427672564983
Epoch 15/30, Batch 2500 Training Loss: 0.0699404701590538
Epoch 15/30, Batch 3000 Training Loss: 0.0007901561330072582
Epoch: 15/14 Average Train loss: 0.0003449848139804817 Train accuracy: 0.9965399503707886 Val loss: 5.035746653447859e-06 Average Val accuracy: 0.9323499798774719
Epoch 16/30, Batch 0 Training Loss: 0.00032809333060868084
Epoch 16/30, Batch 500 Training Loss: 0.003113914979621768
Epoch 16/30, Batch 1000 Training Loss: 0.0026472120080143213
Epoch 16/30, Batch 1500 Training Loss: 0.00189367332495749
Epoch 16/30, Batch 2000 Training Loss: 0.0022548185661435127
Epoch 16/30, Batch 2500 Training Loss: 0.007310043089091778
Epoch 16/30, Batch 3000 Training Loss: 0.1257692575454712
Epoch: 16/15 Average Train loss: 0.00032549014060896295 Train accuracy: 0.996749997138977 Val loss: 1.308277205680497e-05 Average Val accuracy: 0.9285999536514282
Epoch 17/30, Batch 0 Training Loss: 0.022724786773324013
Epoch 17/30, Batch 500 Training Loss: 0.001100056804716587
Epoch 17/30, Batch 1000 Training Loss: 0.05976346135139465
Epoch 17/30, Batch 1500 Training Loss: 0.004388111177831888
Epoch 17/30, Batch 2000 Training Loss: 0.0011259719030931592
Epoch 17/30, Batch 2500 Training Loss: 0.003836571704596281
Epoch 17/30, Batch 3000 Training Loss: 0.02128254994750023
Epoch: 17/16 Average Train loss: 0.0002756368629957069 Train accuracy: 0.9971199631690979 Val loss: 4.414469003677368e-06 Average Val accuracy: 0.9083999991416931
Epoch 18/30, Batch 0 Training Loss: 0.0012135873548686504
Epoch 18/30, Batch 500 Training Loss: 0.011179210618138313
Epoch 18/30, Batch 1000 Training Loss: 0.00666962843388319
Epoch 18/30, Batch 1500 Training Loss: 0.0006525599746964872
Epoch 18/30, Batch 2000 Training Loss: 0.0005499378312379122
Epoch 18/30, Batch 2500 Training Loss: 0.002018633298575878
Epoch 18/30, Batch 3000 Training Loss: 0.000215451858821325
Epoch: 18/17 Average Train loss: 0.00027218696590534816 Train accuracy: 0.9972699880599976 Val loss: 7.5780003498948645e-06 Average Val accuracy: 0.9343499541282654
Epoch 19/30, Batch 0 Training Loss: 0.0021916634868830442
Epoch 19/30, Batch 500 Training Loss: 0.03828471153974533
Epoch 19/30, Batch 1000 Training Loss: 0.01232184935361147
Epoch 19/30, Batch 1500 Training Loss: 0.0004276889085303992
Epoch 19/30, Batch 2000 Training Loss: 0.001369460835121572
Epoch 19/30, Batch 2500 Training Loss: 0.0008527282625436783
Epoch 19/30, Batch 3000 Training Loss: 0.0032259204890578985
Epoch: 19/18 Average Train loss: 0.0002470699823637915 Train accuracy: 0.9974799752235413 Val loss: 9.347005288873333e-06 Average Val accuracy: 0.936199963092804
Epoch 20/30, Batch 0 Training Loss: 0.0008495522197335958
Epoch 20/30, Batch 500 Training Loss: 0.0006623215158469975
Epoch 20/30, Batch 1000 Training Loss: 0.00092169368872419
Epoch 20/30, Batch 1500 Training Loss: 0.009419823996722698
Epoch 20/30, Batch 2000 Training Loss: 0.002429420594125986
Epoch 20/30, Batch 2500 Training Loss: 0.00015987564984243363
Epoch 20/30, Batch 3000 Training Loss: 0.0005845958366990089
Epoch: 20/19 Average Train loss: 0.00022110064965858328 Train accuracy: 0.9978999495506287 Val loss: 1.1771418940043077e-05 Average Val accuracy: 0.9365999698638916
Epoch 21/30, Batch 0 Training Loss: 0.0015938166761770844
Epoch 21/30, Batch 500 Training Loss: 0.039437517523765564
Epoch 21/30, Batch 1000 Training Loss: 0.0010965033434331417
Epoch 21/30, Batch 1500 Training Loss: 0.0008430215530097485
Epoch 21/30, Batch 2000 Training Loss: 0.0006056409911252558
Epoch 21/30, Batch 2500 Training Loss: 0.03760581463575363
Epoch 21/30, Batch 3000 Training Loss: 0.00036737354821525514
Epoch: 21/20 Average Train loss: 0.000211162720930879 Train accuracy: 0.9979899525642395 Val loss: 2.030731047852896e-05 Average Val accuracy: 0.9296499490737915
Epoch 22/30, Batch 0 Training Loss: 0.0005978391272947192
Epoch 22/30, Batch 500 Training Loss: 0.00012448614870663732
Epoch 22/30, Batch 1000 Training Loss: 0.006998391821980476
Epoch 22/30, Batch 1500 Training Loss: 0.002165434416383505
Epoch 22/30, Batch 2000 Training Loss: 0.00692334771156311
Epoch 22/30, Batch 2500 Training Loss: 0.0007315349066630006
Epoch 22/30, Batch 3000 Training Loss: 0.007311539724469185
Epoch: 22/21 Average Train loss: 0.00019024155779539796 Train accuracy: 0.9983299970626831 Val loss: 1.2412919204507489e-05 Average Val accuracy: 0.9317499995231628
Epoch 23/30, Batch 0 Training Loss: 0.03439093381166458
Epoch 23/30, Batch 500 Training Loss: 0.0025161607190966606
Epoch 23/30, Batch 1000 Training Loss: 0.020459232851862907
Epoch 23/30, Batch 1500 Training Loss: 0.003144033020362258
Epoch 23/30, Batch 2000 Training Loss: 0.01141126174479723
Epoch 23/30, Batch 2500 Training Loss: 9.203647641697899e-05
Epoch 23/30, Batch 3000 Training Loss: 0.00018079928122460842
Epoch: 23/22 Average Train loss: 0.00019957044430848328 Train accuracy: 0.9978500008583069 Val loss: 2.02693681785604e-05 Average Val accuracy: 0.9249999523162842
Epoch 24/30, Batch 0 Training Loss: 0.0004822388873435557
Epoch 24/30, Batch 500 Training Loss: 0.0006860299617983401
Epoch 24/30, Batch 1000 Training Loss: 0.000497111352160573
Epoch 24/30, Batch 1500 Training Loss: 0.0005170645308680832
Epoch 24/30, Batch 2000 Training Loss: 0.00010828408267116174
Epoch 24/30, Batch 2500 Training Loss: 0.005760806612670422
Epoch 24/30, Batch 3000 Training Loss: 0.02595221810042858
Epoch: 24/23 Average Train loss: 0.00016311937365986524 Train accuracy: 0.9983099699020386 Val loss: 1.6794023395050317e-05 Average Val accuracy: 0.9380499720573425
Epoch 25/30, Batch 0 Training Loss: 0.015964249148964882
Epoch 25/30, Batch 500 Training Loss: 0.0003436162369325757
Epoch 25/30, Batch 1000 Training Loss: 0.0001988635049201548
Epoch 25/30, Batch 1500 Training Loss: 0.000652112765237689
Epoch 25/30, Batch 2000 Training Loss: 0.002475759945809841
Epoch 25/30, Batch 2500 Training Loss: 0.001563437283039093
Epoch 25/30, Batch 3000 Training Loss: 0.06452697515487671
Epoch: 25/24 Average Train loss: 0.0001373997599678114 Train accuracy: 0.998769998550415 Val loss: 1.605729994480498e-05 Average Val accuracy: 0.9382999539375305
Epoch 26/30, Batch 0 Training Loss: 0.0005898847593925893
Epoch 26/30, Batch 500 Training Loss: 0.00022694228391628712
Epoch 26/30, Batch 1000 Training Loss: 0.006267119664698839
Epoch 26/30, Batch 1500 Training Loss: 0.03827765956521034
Epoch 26/30, Batch 2000 Training Loss: 0.00041224336018785834
Epoch 26/30, Batch 2500 Training Loss: 0.00594364944845438
Epoch 26/30, Batch 3000 Training Loss: 0.003160011488944292
Epoch: 26/25 Average Train loss: 0.00015208307512410102 Train accuracy: 0.9985599517822266 Val loss: 1.3863703316019382e-05 Average Val accuracy: 0.9402999877929688
Epoch 27/30, Batch 0 Training Loss: 0.0006579136825166643
Epoch 27/30, Batch 500 Training Loss: 0.00013618858065456152
Epoch 27/30, Batch 1000 Training Loss: 0.00031448822119273245
Epoch 27/30, Batch 1500 Training Loss: 0.0004022396169602871
Epoch 27/30, Batch 2000 Training Loss: 0.002172448905184865
Epoch 27/30, Batch 2500 Training Loss: 0.019383925944566727
Epoch 27/30, Batch 3000 Training Loss: 0.057712260633707047
Epoch: 27/26 Average Train loss: 0.00015015448910289707 Train accuracy: 0.9986400008201599 Val loss: 2.5344797904836014e-05 Average Val accuracy: 0.9422000050544739
Epoch 28/30, Batch 0 Training Loss: 0.00019030089606530964
Epoch 28/30, Batch 500 Training Loss: 0.0020108052995055914
Epoch 28/30, Batch 1000 Training Loss: 0.0006321856053546071
Epoch 28/30, Batch 1500 Training Loss: 0.00034166581463068724
Epoch 28/30, Batch 2000 Training Loss: 0.0068390024825930595
Epoch 28/30, Batch 2500 Training Loss: 0.013143492862582207
Epoch 28/30, Batch 3000 Training Loss: 0.000259228574577719
Epoch: 28/27 Average Train loss: 0.00012190235593310718 Train accuracy: 0.9987999796867371 Val loss: 1.553094625705853e-05 Average Val accuracy: 0.9402999877929688
Epoch 29/30, Batch 0 Training Loss: 0.00021725261467508972
Epoch 29/30, Batch 500 Training Loss: 0.0004952498129568994
Epoch 29/30, Batch 1000 Training Loss: 0.00019499984045978636
Epoch 29/30, Batch 1500 Training Loss: 0.0026938377413898706
Epoch 29/30, Batch 2000 Training Loss: 0.0026455242186784744
Epoch 29/30, Batch 2500 Training Loss: 0.0047099110670387745
Epoch 29/30, Batch 3000 Training Loss: 6.51545196888037e-05
Epoch: 29/28 Average Train loss: 0.00013084399773615588 Train accuracy: 0.998769998550415 Val loss: 1.5902700397418812e-05 Average Val accuracy: 0.9383999705314636
Epoch 30/30, Batch 0 Training Loss: 0.027605414390563965
Epoch 30/30, Batch 500 Training Loss: 0.0001619649847270921
Epoch 30/30, Batch 1000 Training Loss: 0.0002776925393845886
Epoch 30/30, Batch 1500 Training Loss: 0.0025990456342697144
Epoch 30/30, Batch 2000 Training Loss: 0.0006681876257061958
Epoch 30/30, Batch 2500 Training Loss: 7.083592936396599e-05
Epoch 30/30, Batch 3000 Training Loss: 7.741495210211724e-05
Epoch: 30/29 Average Train loss: 0.00010072120476219425 Train accuracy: 0.9990699887275696 Val loss: 1.1080556760134641e-05 Average Val accuracy: 0.9416999816894531
*****TRAINING COMPLETE*****