[am13018@log-burst vggbase]$ cat vgg19_base.out
Device:cuda
*****TRAINING STARTING*****
Epoch 1/30, Batch 0 Training Loss: 0.6969223022460938
Epoch 1/30, Batch 500 Training Loss: 0.624387800693512
Epoch 1/30, Batch 1000 Training Loss: 0.5131800174713135
Epoch 1/30, Batch 1500 Training Loss: 0.4700024127960205
Epoch 1/30, Batch 2000 Training Loss: 0.4684096574783325
Epoch 1/30, Batch 2500 Training Loss: 0.392999529838562
Epoch 1/30, Batch 3000 Training Loss: 0.35608842968940735
Epoch: 1/0 Average Train loss: 0.016685190592557193 Train accuracy: 0.7209500074386597 Val loss: 2.5084465960389934e-05 Average Val accuracy: 0.8222500085830688
Epoch 2/30, Batch 0 Training Loss: 0.26416176557540894
Epoch 2/30, Batch 500 Training Loss: 0.5657458901405334
Epoch 2/30, Batch 1000 Training Loss: 0.38295602798461914
Epoch 2/30, Batch 1500 Training Loss: 0.25620871782302856
Epoch 2/30, Batch 2000 Training Loss: 0.25336402654647827
Epoch 2/30, Batch 2500 Training Loss: 0.2750508785247803
Epoch 2/30, Batch 3000 Training Loss: 0.20512951910495758
Epoch: 2/1 Average Train loss: 0.009484355758428573 Train accuracy: 0.8723599910736084 Val loss: 2.511640332159004e-06 Average Val accuracy: 0.885949969291687
Epoch 3/30, Batch 0 Training Loss: 0.30892741680145264
Epoch 3/30, Batch 500 Training Loss: 0.23480209708213806
Epoch 3/30, Batch 1000 Training Loss: 0.13449501991271973
Epoch 3/30, Batch 1500 Training Loss: 0.25612398982048035
Epoch 3/30, Batch 2000 Training Loss: 0.13173770904541016
Epoch 3/30, Batch 2500 Training Loss: 0.1913284957408905
Epoch 3/30, Batch 3000 Training Loss: 0.10214591026306152
Epoch: 3/2 Average Train loss: 0.005349946289788932 Train accuracy: 0.9322399497032166 Val loss: 3.211255261703627e-06 Average Val accuracy: 0.9439499974250793
Epoch 4/30, Batch 0 Training Loss: 0.027435779571533203
Epoch 4/30, Batch 500 Training Loss: 0.13457344472408295
Epoch 4/30, Batch 1000 Training Loss: 0.1581621766090393
Epoch 4/30, Batch 1500 Training Loss: 0.05574405938386917
Epoch 4/30, Batch 2000 Training Loss: 0.10976698249578476
Epoch 4/30, Batch 2500 Training Loss: 0.05874376744031906
Epoch 4/30, Batch 3000 Training Loss: 0.1977653205394745
Epoch: 4/3 Average Train loss: 0.003308077184436843 Train accuracy: 0.9592700004577637 Val loss: 3.6505161915556528e-06 Average Val accuracy: 0.951449990272522
Epoch 5/30, Batch 0 Training Loss: 0.04240456968545914
Epoch 5/30, Batch 500 Training Loss: 0.06857913732528687
Epoch 5/30, Batch 1000 Training Loss: 0.10269498825073242
Epoch 5/30, Batch 1500 Training Loss: 0.05829435586929321
Epoch 5/30, Batch 2000 Training Loss: 0.028220152482390404
Epoch 5/30, Batch 2500 Training Loss: 0.06129303574562073
Epoch 5/30, Batch 3000 Training Loss: 0.07344458997249603
Epoch: 5/4 Average Train loss: 0.002195691852098098 Train accuracy: 0.9731899499893188 Val loss: 4.670549969887361e-06 Average Val accuracy: 0.9550999999046326
Epoch 6/30, Batch 0 Training Loss: 0.014328712597489357
Epoch 6/30, Batch 500 Training Loss: 0.014362799003720284
Epoch 6/30, Batch 1000 Training Loss: 0.018548335880041122
Epoch 6/30, Batch 1500 Training Loss: 0.08458831906318665
Epoch 6/30, Batch 2000 Training Loss: 0.004214439541101456
Epoch 6/30, Batch 2500 Training Loss: 0.02377972938120365
Epoch 6/30, Batch 3000 Training Loss: 0.1572137326002121
Epoch: 6/5 Average Train loss: 0.0015306308224538225 Train accuracy: 0.9818799495697021 Val loss: 4.863549747824436e-06 Average Val accuracy: 0.9482499957084656
Epoch 7/30, Batch 0 Training Loss: 0.07263708859682083
Epoch 7/30, Batch 500 Training Loss: 0.014024768024682999
Epoch 7/30, Batch 1000 Training Loss: 0.018762193620204926
Epoch 7/30, Batch 1500 Training Loss: 0.0009492692770436406
Epoch 7/30, Batch 2000 Training Loss: 0.11614328622817993
Epoch 7/30, Batch 2500 Training Loss: 0.07372665405273438
Epoch 7/30, Batch 3000 Training Loss: 0.12057135999202728
Epoch: 7/6 Average Train loss: 0.0011625640457820555 Train accuracy: 0.9863699674606323 Val loss: 1.1360813232386135e-06 Average Val accuracy: 0.9688999652862549
Epoch 8/30, Batch 0 Training Loss: 0.0025635329075157642
Epoch 8/30, Batch 500 Training Loss: 0.029785089194774628
Epoch 8/30, Batch 1000 Training Loss: 0.007096682675182819
Epoch 8/30, Batch 1500 Training Loss: 0.15412631630897522
Epoch 8/30, Batch 2000 Training Loss: 0.001788568333722651
Epoch 8/30, Batch 2500 Training Loss: 0.004494447261095047
Epoch 8/30, Batch 3000 Training Loss: 0.06331491470336914
Epoch: 8/7 Average Train loss: 0.0009392538236168184 Train accuracy: 0.9890799522399902 Val loss: 1.1856768651341554e-06 Average Val accuracy: 0.9616499543190002
Epoch 9/30, Batch 0 Training Loss: 0.005300623830407858
Epoch 9/30, Batch 500 Training Loss: 0.14079329371452332
Epoch 9/30, Batch 1000 Training Loss: 0.018930338323116302
Epoch 9/30, Batch 1500 Training Loss: 0.005128762219101191
Epoch 9/30, Batch 2000 Training Loss: 0.08617234230041504
Epoch 9/30, Batch 2500 Training Loss: 0.14256080985069275
Epoch 9/30, Batch 3000 Training Loss: 0.024131441488862038
Epoch: 9/8 Average Train loss: 0.0007624772771381685 Train accuracy: 0.9914000034332275 Val loss: 1.646683699618734e-06 Average Val accuracy: 0.965999960899353
Epoch 10/30, Batch 0 Training Loss: 0.0006690892623737454
Epoch 10/30, Batch 500 Training Loss: 0.031361956149339676
Epoch 10/30, Batch 1000 Training Loss: 0.005275316070765257
Epoch 10/30, Batch 1500 Training Loss: 0.00033840344985947013
Epoch 10/30, Batch 2000 Training Loss: 0.00280573102645576
Epoch 10/30, Batch 2500 Training Loss: 0.04398509860038757
Epoch 10/30, Batch 3000 Training Loss: 0.013714142143726349
Epoch: 10/9 Average Train loss: 0.0006293438496937597 Train accuracy: 0.9927999973297119 Val loss: 4.523602456174558e-06 Average Val accuracy: 0.966949999332428
Epoch 11/30, Batch 0 Training Loss: 0.0014040746027603745
Epoch 11/30, Batch 500 Training Loss: 0.003392096608877182
Epoch 11/30, Batch 1000 Training Loss: 0.012189292348921299
Epoch 11/30, Batch 1500 Training Loss: 0.002582850866019726
Epoch 11/30, Batch 2000 Training Loss: 0.0032678372226655483
Epoch 11/30, Batch 2500 Training Loss: 0.0029028241988271475
Epoch 11/30, Batch 3000 Training Loss: 0.20849254727363586
Epoch: 11/10 Average Train loss: 0.000581716343416847 Train accuracy: 0.9932399988174438 Val loss: 7.966870725795161e-06 Average Val accuracy: 0.9681499600410461
Epoch 12/30, Batch 0 Training Loss: 0.001026811427436769
Epoch 12/30, Batch 500 Training Loss: 0.010549948550760746
Epoch 12/30, Batch 1000 Training Loss: 0.05308632552623749
Epoch 12/30, Batch 1500 Training Loss: 0.0030545510817319155
Epoch 12/30, Batch 2000 Training Loss: 0.04070056229829788
Epoch 12/30, Batch 2500 Training Loss: 0.026447538286447525
Epoch 12/30, Batch 3000 Training Loss: 0.033777713775634766
Epoch: 12/11 Average Train loss: 0.0004841451701310325 Train accuracy: 0.9945299625396729 Val loss: 2.56101913009843e-07 Average Val accuracy: 0.9724499583244324
Epoch 13/30, Batch 0 Training Loss: 0.0003193179436493665
Epoch 13/30, Batch 500 Training Loss: 0.00453347759321332
Epoch 13/30, Batch 1000 Training Loss: 0.000302019965602085
Epoch 13/30, Batch 1500 Training Loss: 0.00844572950154543
Epoch 13/30, Batch 2000 Training Loss: 0.27388352155685425
Epoch 13/30, Batch 2500 Training Loss: 0.00446085911244154
Epoch 13/30, Batch 3000 Training Loss: 0.0010162501130253077
Epoch: 13/12 Average Train loss: 0.0004294881924507217 Train accuracy: 0.9953299760818481 Val loss: 7.271426511579193e-06 Average Val accuracy: 0.976099967956543
Epoch 14/30, Batch 0 Training Loss: 0.0009123768541030586
Epoch 14/30, Batch 500 Training Loss: 0.0003172091965097934
Epoch 14/30, Batch 1000 Training Loss: 0.0013673030771315098
Epoch 14/30, Batch 1500 Training Loss: 0.005780075676739216
Epoch 14/30, Batch 2000 Training Loss: 0.004480554256588221
Epoch 14/30, Batch 2500 Training Loss: 0.011126760393381119
Epoch 14/30, Batch 3000 Training Loss: 0.0028862417675554752
Epoch: 14/13 Average Train loss: 0.00037279985031649174 Train accuracy: 0.9956799745559692 Val loss: 5.756588507210836e-06 Average Val accuracy: 0.968999981880188
Epoch 15/30, Batch 0 Training Loss: 0.001979082589969039
Epoch 15/30, Batch 500 Training Loss: 0.0005905801081098616
Epoch 15/30, Batch 1000 Training Loss: 0.00048814923502504826
Epoch 15/30, Batch 1500 Training Loss: 0.0001251150679308921
Epoch 15/30, Batch 2000 Training Loss: 0.0013542907545343041
Epoch 15/30, Batch 2500 Training Loss: 0.0013288480695337057
Epoch 15/30, Batch 3000 Training Loss: 0.008168998174369335
Epoch: 15/14 Average Train loss: 0.00034124833143660456 Train accuracy: 0.9961400032043457 Val loss: 2.4766822548372147e-07 Average Val accuracy: 0.9741999506950378
Epoch 16/30, Batch 0 Training Loss: 0.021425563842058182
Epoch 16/30, Batch 500 Training Loss: 0.0010909120319411159
Epoch 16/30, Batch 1000 Training Loss: 0.016762403771281242
Epoch 16/30, Batch 1500 Training Loss: 0.0012981678592041135
Epoch 16/30, Batch 2000 Training Loss: 0.0004237585817463696
Epoch 16/30, Batch 2500 Training Loss: 0.00787451583892107
Epoch 16/30, Batch 3000 Training Loss: 0.00799099262803793
Epoch: 16/15 Average Train loss: 0.0002944301255637447 Train accuracy: 0.9967100024223328 Val loss: 2.697589138733747e-07 Average Val accuracy: 0.975600004196167
Epoch 17/30, Batch 0 Training Loss: 0.000683521619066596
Epoch 17/30, Batch 500 Training Loss: 0.0015840972773730755
Epoch 17/30, Batch 1000 Training Loss: 0.03216690942645073
Epoch 17/30, Batch 1500 Training Loss: 0.00897333212196827
Epoch 17/30, Batch 2000 Training Loss: 0.0033237270545214415
Epoch 17/30, Batch 2500 Training Loss: 0.007889647036790848
Epoch 17/30, Batch 3000 Training Loss: 0.00028166049742139876
Epoch: 17/16 Average Train loss: 0.00027778607344452555 Train accuracy: 0.9968400001525879 Val loss: 2.0395322280819528e-05 Average Val accuracy: 0.9736999869346619
Epoch 18/30, Batch 0 Training Loss: 1.4918957276677247e-05
Epoch 18/30, Batch 500 Training Loss: 0.01060864794999361
Epoch 18/30, Batch 1000 Training Loss: 0.0010424851207062602
Epoch 18/30, Batch 1500 Training Loss: 0.000668257474899292
Epoch 18/30, Batch 2000 Training Loss: 0.0001005460653686896
Epoch 18/30, Batch 2500 Training Loss: 0.00040950620314106345
Epoch 18/30, Batch 3000 Training Loss: 0.0008144087623804808
Epoch: 18/17 Average Train loss: 0.0002637314053520231 Train accuracy: 0.9971299767494202 Val loss: 1.6859363313415088e-05 Average Val accuracy: 0.9750499725341797
Epoch 19/30, Batch 0 Training Loss: 8.500293188262731e-05
Epoch 19/30, Batch 500 Training Loss: 0.0014529591426253319
Epoch 19/30, Batch 1000 Training Loss: 6.577884050784633e-05
Epoch 19/30, Batch 1500 Training Loss: 0.0020903893746435642
Epoch 19/30, Batch 2000 Training Loss: 0.0005511398776434362
Epoch 19/30, Batch 2500 Training Loss: 0.0007860804907977581
Epoch 19/30, Batch 3000 Training Loss: 0.004065919667482376
Epoch: 19/18 Average Train loss: 0.00023424777975080018 Train accuracy: 0.9974899888038635 Val loss: 5.92045489611337e-06 Average Val accuracy: 0.9763999581336975
Epoch 20/30, Batch 0 Training Loss: 3.6920446291333064e-05
Epoch 20/30, Batch 500 Training Loss: 0.00015471837832592428
Epoch 20/30, Batch 1000 Training Loss: 2.3232469175127335e-05
Epoch 20/30, Batch 1500 Training Loss: 0.00017564035078976303
Epoch 20/30, Batch 2000 Training Loss: 7.574195478809997e-05
Epoch 20/30, Batch 2500 Training Loss: 7.91148268035613e-05
Epoch 20/30, Batch 3000 Training Loss: 0.00011236641148570925
Epoch: 20/19 Average Train loss: 0.00021331734682193202 Train accuracy: 0.9977099895477295 Val loss: 1.3544703506340738e-05 Average Val accuracy: 0.9745999574661255
Epoch 21/30, Batch 0 Training Loss: 0.00012781753321178257
Epoch 21/30, Batch 500 Training Loss: 0.0010358005529269576
Epoch 21/30, Batch 1000 Training Loss: 2.9570324841188267e-05
Epoch 21/30, Batch 1500 Training Loss: 0.0005563868908211589
Epoch 21/30, Batch 2000 Training Loss: 6.049036528565921e-05
Epoch 21/30, Batch 2500 Training Loss: 0.0015890977811068296
Epoch 21/30, Batch 3000 Training Loss: 0.017183106392621994
Epoch: 21/20 Average Train loss: 0.0002066877601897906 Train accuracy: 0.9977799654006958 Val loss: 6.221162948349956e-06 Average Val accuracy: 0.9772499799728394
Epoch 22/30, Batch 0 Training Loss: 7.264527812367305e-05
Epoch 22/30, Batch 500 Training Loss: 8.608237840235233e-05
Epoch 22/30, Batch 1000 Training Loss: 7.367986836470664e-05
Epoch 22/30, Batch 1500 Training Loss: 0.0004506372206378728
Epoch 22/30, Batch 2000 Training Loss: 0.0010676688980311155
Epoch 22/30, Batch 2500 Training Loss: 0.07021977752447128
Epoch 22/30, Batch 3000 Training Loss: 0.002348455833271146
Epoch: 22/21 Average Train loss: 0.0001888699330438925 Train accuracy: 0.9980499744415283 Val loss: 1.7146906827747443e-07 Average Val accuracy: 0.9763000011444092
Epoch 23/30, Batch 0 Training Loss: 0.0001553790207253769
Epoch 23/30, Batch 500 Training Loss: 2.9217557312222198e-05
Epoch 23/30, Batch 1000 Training Loss: 0.00042775290785357356
Epoch 23/30, Batch 1500 Training Loss: 0.0028056649025529623
Epoch 23/30, Batch 2000 Training Loss: 9.524866618448868e-05
Epoch 23/30, Batch 2500 Training Loss: 0.00033680940396152437
Epoch 23/30, Batch 3000 Training Loss: 0.00018722802633419633
Epoch: 23/22 Average Train loss: 0.00015943205462915416 Train accuracy: 0.9980799555778503 Val loss: 6.210039060761119e-08 Average Val accuracy: 0.9785499572753906
Epoch 24/30, Batch 0 Training Loss: 0.0007715965039096773
Epoch 24/30, Batch 500 Training Loss: 0.0010574517073109746
Epoch 24/30, Batch 1000 Training Loss: 0.00012813752982765436
Epoch 24/30, Batch 1500 Training Loss: 4.571242243400775e-05
Epoch 24/30, Batch 2000 Training Loss: 5.2786148444283754e-05
Epoch 24/30, Batch 2500 Training Loss: 0.00027466434403322637
Epoch 24/30, Batch 3000 Training Loss: 3.46618217008654e-05
Epoch: 24/23 Average Train loss: 0.0001586101373846384 Train accuracy: 0.9981299638748169 Val loss: 1.789566965726408e-07 Average Val accuracy: 0.9764999747276306
Epoch 25/30, Batch 0 Training Loss: 0.0013681806158274412
Epoch 25/30, Batch 500 Training Loss: 1.121627792599611e-05
Epoch 25/30, Batch 1000 Training Loss: 0.00015694509784225374
Epoch 25/30, Batch 1500 Training Loss: 0.0027381631080061197
Epoch 25/30, Batch 2000 Training Loss: 4.7796484068385325e-06
Epoch 25/30, Batch 2500 Training Loss: 3.4614186006365344e-05
Epoch 25/30, Batch 3000 Training Loss: 7.660145638510585e-05
Epoch: 25/24 Average Train loss: 0.000131414723044265 Train accuracy: 0.9985799789428711 Val loss: 1.38773515345747e-07 Average Val accuracy: 0.9779499769210815
Epoch 26/30, Batch 0 Training Loss: 0.04239310324192047
Epoch 26/30, Batch 500 Training Loss: 7.286870641109999e-06
Epoch 26/30, Batch 1000 Training Loss: 1.3973530258226674e-05
Epoch 26/30, Batch 1500 Training Loss: 4.959716534358449e-05
Epoch 26/30, Batch 2000 Training Loss: 6.679796115349745e-06
Epoch 26/30, Batch 2500 Training Loss: 2.8692818887066096e-05
Epoch 26/30, Batch 3000 Training Loss: 2.109551860485226e-05
Epoch: 26/25 Average Train loss: 0.0001296459373434402 Train accuracy: 0.9985899925231934 Val loss: 1.5173048373284814e-09 Average Val accuracy: 0.967199981212616
Epoch 27/30, Batch 0 Training Loss: 0.07005045562982559
Epoch 27/30, Batch 500 Training Loss: 6.424987805075943e-05
Epoch 27/30, Batch 1000 Training Loss: 0.00017595304234419018
Epoch 27/30, Batch 1500 Training Loss: 1.7296833902946673e-05
Epoch 27/30, Batch 2000 Training Loss: 0.00015641667414456606
Epoch 27/30, Batch 2500 Training Loss: 0.0001225157466251403
Epoch 27/30, Batch 3000 Training Loss: 0.00010212123015662655
Epoch: 27/26 Average Train loss: 0.00011640677212939629 Train accuracy: 0.9987199902534485 Val loss: 4.477750437104078e-08 Average Val accuracy: 0.9800999760627747
Epoch 28/30, Batch 0 Training Loss: 1.8738387552730273e-06
Epoch 28/30, Batch 500 Training Loss: 0.001047059427946806
Epoch 28/30, Batch 1000 Training Loss: 0.0006373639334924519
Epoch 28/30, Batch 1500 Training Loss: 0.03973810374736786
Epoch 28/30, Batch 2000 Training Loss: 7.063322755129775e-06
Epoch 28/30, Batch 2500 Training Loss: 0.04260354861617088
Epoch 28/30, Batch 3000 Training Loss: 0.007791078183799982
Epoch: 28/27 Average Train loss: 0.00011966323046179128 Train accuracy: 0.9986699819564819 Val loss: 8.831559171085246e-06 Average Val accuracy: 0.9745000004768372
Epoch 29/30, Batch 0 Training Loss: 0.00028408662183210254
Epoch 29/30, Batch 500 Training Loss: 0.00016064949159044772
Epoch 29/30, Batch 1000 Training Loss: 0.00026662671007215977
Epoch 29/30, Batch 1500 Training Loss: 3.7931196857243776e-05
Epoch 29/30, Batch 2000 Training Loss: 0.0003138475585728884
Epoch 29/30, Batch 2500 Training Loss: 0.0009194701560772955
Epoch 29/30, Batch 3000 Training Loss: 2.7852616767631844e-05
Epoch: 29/28 Average Train loss: 0.00010691784853146487 Train accuracy: 0.9987799525260925 Val loss: 3.787091884532856e-08 Average Val accuracy: 0.9805499911308289
Epoch 30/30, Batch 0 Training Loss: 0.006272990256547928
Epoch 30/30, Batch 500 Training Loss: 0.0004963101237080991
Epoch 30/30, Batch 1000 Training Loss: 0.00020037242211401463
Epoch 30/30, Batch 1500 Training Loss: 8.432431059191003e-06
Epoch 30/30, Batch 2000 Training Loss: 4.2528296035015956e-05
Epoch 30/30, Batch 2500 Training Loss: 0.0010685293236747384
Epoch 30/30, Batch 3000 Training Loss: 0.005327615886926651
Epoch: 30/29 Average Train loss: 0.00011208436337148314 Train accuracy: 0.9986899495124817 Val loss: 2.685640765776043e-06 Average Val accuracy: 0.9774999618530273
*****TRAINING COMPLETE*****